<?xml version="1.0" encoding="UTF-8"?>
<!-- Generated by org.testng.reporters.JUnitReportReporter -->
<testsuite hostname="EPHUBUDL0008" name="com.bvt.cashier.test.acceptance.deposit.DepositTest" tests="1" failures="0" timestamp="8 Aug 2015 20:49:44 GMT" time="1.133" errors="0">
  <testcase name="shouldOpenPage" time="1.133" classname="com.bvt.cashier.test.acceptance.deposit.DepositTest"/>
</testsuite> <!-- com.bvt.cashier.test.acceptance.deposit.DepositTest -->
